\BOOKMARK [0][]{chapter*.5}{Table des sigles et acronymes}{}% 1
\BOOKMARK [0][]{chapter*.6}{Introduction}{}% 2
\BOOKMARK [0][]{chapter.1}{Structural analysis by FEM }{}% 3
\BOOKMARK [1][]{section.1.1}{Finite elements method in structural analysis }{chapter.1}% 4
\BOOKMARK [1][]{section.1.2}{A generic engine FEM for fuel consumption variation computation}{chapter.1}% 5
\BOOKMARK [1][]{section.1.3}{Tying inconsistent meshes}{chapter.1}% 6
\BOOKMARK [1][]{section.1.4}{Advanced solver for FEA}{chapter.1}% 7
\BOOKMARK [1][]{section.1.5}{Summary and conclusions}{chapter.1}% 8
\BOOKMARK [0][]{chapter.2}{Eulerian Structural Topology optimization}{}% 9
\BOOKMARK [1][]{section.2.1}{Simulation driven design}{chapter.2}% 10
\BOOKMARK [1][]{section.2.2}{Density based topology optimization}{chapter.2}% 11
\BOOKMARK [1][]{section.2.3}{Stress based topology optimization}{chapter.2}% 12
\BOOKMARK [1][]{section.2.4}{SIMP application to the pylon and engine mount design}{chapter.2}% 13
\BOOKMARK [1][]{section.2.5}{Summary and conclusions}{chapter.2}% 14
\BOOKMARK [0][]{chapter.3}{Lagrangian Structural Topology optimization}{}% 15
\BOOKMARK [1][]{section.3.1}{2D demonstration framework}{chapter.3}% 16
\BOOKMARK [1][]{section.3.2}{Moving Morphable Components \(MMC\) with ersatz material model}{chapter.3}% 17
\BOOKMARK [1][]{section.3.3}{Geometry Projection \(GP\)}{chapter.3}% 18
\BOOKMARK [1][]{section.3.4}{Moving Node Approach \(MNA\)}{chapter.3}% 19
\BOOKMARK [1][]{section.3.5}{Generalized Geometry Projection}{chapter.3}% 20
\BOOKMARK [1][]{section.3.6}{Geometric assembly}{chapter.3}% 21
\BOOKMARK [1][]{section.3.7}{Sensitivity analysis}{chapter.3}% 22
\BOOKMARK [1][]{section.3.8}{Numerical investigations on 2D use cases}{chapter.3}% 23
\BOOKMARK [1][]{section.3.9}{2D stress based topology optimization using a Lagrangian approach}{chapter.3}% 24
\BOOKMARK [1][]{section.3.10}{MNA application to the pylon and engine mount design}{chapter.3}% 25
\BOOKMARK [1][]{section.3.11}{Summary and conclusions}{chapter.3}% 26
\BOOKMARK [0][]{chapter.4}{Conclusions and perspectives}{}% 27
\BOOKMARK [0][]{chapter.4}{Conclusion}{}% 28
\BOOKMARK [1][]{section.4.1}{Perspectives}{chapter.4}% 29
\BOOKMARK [0][]{appendix.A}{Appendix 1}{}% 30
\BOOKMARK [0][]{appendix.B}{Appendix 2}{}% 31
\BOOKMARK [1][]{section.B.1}{2D topology optimization examples}{appendix.B}% 32
\BOOKMARK [1][]{section.B.2}{KS function properties}{appendix.B}% 33
\BOOKMARK [1][]{section.B.3}{TSFC constraint parametric study}{appendix.B}% 34
\BOOKMARK [0][]{appendix.C}{Appendix 3}{}% 35
\BOOKMARK [1][]{section.C.1}{Characteristic function and local volume fraction sensitivity distribution}{appendix.C}% 36
\BOOKMARK [1][]{section.C.2}{Parametric study results on the cantilever beam case}{appendix.C}% 37
\BOOKMARK [1][]{section.C.3}{MMA set-up}{appendix.C}% 38
\BOOKMARK [0][]{appendix*.184}{Bibliography}{}% 39
